[06-13 20:47:44]: [INFO] Created column 'regdate' and set the current timestamp, 1781365664694, to all 0 rows
[06-13 20:47:44]: [INFO] SQLite Setup finished
[06-13 20:47:44]: [INFO] Hooked into LuckPerms!
[06-13 20:47:45]: [INFO] Hooked successfully into Essentials
[06-13 20:47:45]: [WARN] WARNING! The protectInventory feature requires ProtocolLib! Disabling it...
[06-13 20:47:45]: [INFO] AuthMe 5.7.0 build n.2660 successfully enabled!
[06-13 20:47:55]: [INFO] Downloading GEO IP database, because the old database is older than 30 days or doesn't exist
[06-13 20:47:55]: [WARN] No MaxMind credentials found in the configuration file! GeoIp protections will be disabled.
[06-13 20:47:55]: [INFO] There is no newer GEO IP database uploaded to MaxMind. Using the old one for now.
[06-13 20:47:55]: [WARN] Could not download GeoLiteAPI database [FileNotFoundException]: plugins\AuthMe\GeoLite2-Country.mmdb (The system cannot find the file specified)
[06-13 20:47:55]: java.io.FileNotFoundException: plugins\AuthMe\GeoLite2-Country.mmdb (The system cannot find the file specified)
	at java.base/java.io.RandomAccessFile.open0(Native Method)
	at java.base/java.io.RandomAccessFile.open(RandomAccessFile.java:356)
	at java.base/java.io.RandomAccessFile.<init>(RandomAccessFile.java:273)
	at java.base/java.io.RandomAccessFile.<init>(RandomAccessFile.java:223)
	at com.maxmind.db.BufferHolder.<init>(BufferHolder.java:19)
	at com.maxmind.db.Reader.<init>(Reader.java:119)
	at com.maxmind.geoip2.DatabaseReader.<init>(DatabaseReader.java:106)
	at com.maxmind.geoip2.DatabaseReader$Builder.build(DatabaseReader.java:238)
	at AuthMeReloaded-5.7.0.jar//fr.xephi.authme.service.GeoIpService.startReading(GeoIpService.java:183)
	at AuthMeReloaded-5.7.0.jar//fr.xephi.authme.service.GeoIpService.updateDatabase(GeoIpService.java:150)
	at org.bukkit.craftbukkit.scheduler.CraftTask.run(CraftTask.java:86)
	at org.bukkit.craftbukkit.scheduler.CraftAsyncTask.run(CraftAsyncTask.java:57)
	at com.destroystokyo.paper.ServerSchedulerReportingWrapper.run(ServerSchedulerReportingWrapper.java:22)
	at java.base/java.util.concurrent.ThreadPoolExecutor.runWorker(ThreadPoolExecutor.java:1144)
	at java.base/java.util.concurrent.ThreadPoolExecutor$Worker.run(ThreadPoolExecutor.java:642)
	at java.base/java.lang.Thread.run(Thread.java:1583)

[06-13 20:58:36]: [FINE] Itx_Zaid_3 registered 0:0:0:0:0:0:0:1
[06-13 20:58:36]: [FINE] Itx_Zaid_3 logged in 0:0:0:0:0:0:0:1
[06-13 21:00:55]: [FINE] NotHaadi_ registered 0:0:0:0:0:0:0:1
[06-13 21:00:56]: [FINE] The user NotHaadi_ has 2 accounts:
[06-13 21:00:56]: [FINE] §7§aItx_Zaid_3§7, §aNotHaadi_§7.
[06-13 21:00:56]: [FINE] NotHaadi_ logged in 0:0:0:0:0:0:0:1
[06-13 21:19:57]: [FINE] The user NotHaadi_ has 2 accounts:
[06-13 21:19:57]: [FINE] §7itx_zaid_3, §aNotHaadi_§7.
[06-13 21:19:57]: [FINE] NotHaadi_ logged in 0:0:0:0:0:0:0:1
[06-13 21:20:10]: [FINE] The user Itx_Zaid_3 has 2 accounts:
[06-13 21:20:10]: [FINE] §7§aItx_Zaid_3§7, §aNotHaadi_§7.
[06-13 21:20:10]: [FINE] Itx_Zaid_3 logged in 0:0:0:0:0:0:0:1
