[06:24:28] [Server thread/INFO]: [Staff+] Staff+ is now auto saving...
[06:24:33] [Server thread/WARN]: Can't keep up! Is the server overloaded? Running 25925487ms or 518509 ticks behind
[06:24:34] [HikariPool-1 housekeeper/WARN]: [me.leoko.advancedban.shaded.com.zaxxer.hikari.pool.HikariPool] HikariPool-1 - Thread starvation or clock leap detected (housekeeper delta=7h13m23s19ms360µs200ns).
[06:24:49] [Server thread/WARN]: Can't keep up! Is the server overloaded? Running 7779ms or 155 ticks behind
[14:11:26] [Server thread/INFO]: [Staff+] Staff+ is now auto saving...
[14:11:26] [HikariPool-1 housekeeper/WARN]: [com.ghostchu.quickshop.shade.carm.easysql.hikari.pool.HikariPool] HikariPool-1 - Thread starvation or clock leap detected (housekeeper delta=14h59m18s324ms890µs300ns).
[14:11:41] [HikariPool-1 housekeeper/WARN]: [me.leoko.advancedban.shaded.com.zaxxer.hikari.pool.HikariPool] HikariPool-1 - Thread starvation or clock leap detected (housekeeper delta=7h47m14s505ms741µs900ns).
[14:11:53] [Server thread/WARN]: Can't keep up! Is the server overloaded? Running 28008989ms or 560179 ticks behind
[14:13:17] [User Authenticator #8/INFO]: UUID of player NotHaadi_ is c0e58d64-24c3-371e-b934-726963bf17ed
[14:13:21] [TAB Belowname Objective Thread/INFO]: [TAB] [WARN] Belowname value is configured to show "%player_health%", but returned "20.399999618530273" for player NotHaadi_, which is a decimal number. Truncating to an integer.
[14:13:21] [Server thread/INFO]: NotHaadi_ joined the game
[14:13:21] [Server thread/INFO]: NotHaadi_[/[0:0:0:0:0:0:0:1]:62848] logged in with entity id 1153 at ([world]-3.5697126183553656, 100.9375, 23.81528629780975)
[14:13:26] [Server thread/WARN]: Can't keep up! Is the server overloaded? Running 2541ms or 50 ticks behind
[14:13:43] [Server thread/INFO]: NotHaadi_ lost connection: Disconnected
[14:13:43] [Server thread/INFO]: NotHaadi_ left the game
[14:20:21] [Craft Scheduler Thread - 168 - DriveBackupV2/INFO]: [DriveBackupV2] Creating backups, the server may lag for a little while...
[14:20:21] [Craft Scheduler Thread - 168 - DriveBackupV2/INFO]: [DriveBackupV2] Creating local backup(s) and compressing...
[14:20:22] [Craft Scheduler Thread - 167 - QuickShop-Hikari/INFO]: [QuickShop-Hikari] A new version of QuickShop has been released! [6.3.0.0-SNAPSHOT-7]
[14:20:22] [Craft Scheduler Thread - 167 - QuickShop-Hikari/INFO]: [QuickShop-Hikari] Update here: https://modrinth.com/plugin/quickshop-hikari
[14:20:28] [Server thread/WARN]: Can't keep up! Is the server overloaded? Running 5954ms or 119 ticks behind
[14:20:38] [Craft Scheduler Thread - 168 - DriveBackupV2/INFO]: [DriveBackupV2] Creating local backup for ".\world"
[14:20:55] [Craft Scheduler Thread - 168 - DriveBackupV2/INFO]: [DriveBackupV2] Local backup for ".\world" created
[14:20:55] [Craft Scheduler Thread - 168 - DriveBackupV2/INFO]: [DriveBackupV2] Creating local backup for ".\world_nether"
[14:20:56] [Craft Scheduler Thread - 168 - DriveBackupV2/INFO]: [DriveBackupV2] Local backup for ".\world_nether" created
[14:20:56] [Craft Scheduler Thread - 168 - DriveBackupV2/INFO]: [DriveBackupV2] Creating local backup for ".\world_the_end"
[14:20:57] [Craft Scheduler Thread - 168 - DriveBackupV2/INFO]: [DriveBackupV2] Local backup for ".\world_the_end" created
[14:20:57] [Craft Scheduler Thread - 168 - DriveBackupV2/INFO]: [DriveBackupV2] Creating local backup for "plugins"
[14:22:33] [Craft Scheduler Thread - 168 - DriveBackupV2/INFO]: [DriveBackupV2] Failed to include "plugins/LuckPerms\luckperms-h2-v2.mv.db" in the backup, is it locked? Do you have permission to access it?
[14:22:58] [Craft Scheduler Thread - 168 - DriveBackupV2/INFO]: [DriveBackupV2] Failed to include "plugins/QuickShop-Hikari\shops.mv.db" in the backup, is it locked? Do you have permission to access it?
[14:22:59] [Craft Scheduler Thread - 168 - DriveBackupV2/INFO]: [DriveBackupV2] Failed to include "plugins/SimpleClans\logs\bank\2026-06-13.csv.lck" in the backup, is it locked? Do you have permission to access it?
[14:23:07] [Craft Scheduler Thread - 168 - DriveBackupV2/INFO]: [DriveBackupV2] Local backup for "plugins" created
[14:23:07] [Craft Scheduler Thread - 168 - DriveBackupV2/INFO]: [DriveBackupV2] Local backup(s) created and compressed
[14:23:07] [Craft Scheduler Thread - 168 - DriveBackupV2/INFO]: [DriveBackupV2] Uploading backup(s)...
[14:23:07] [Craft Scheduler Thread - 168 - DriveBackupV2/INFO]: [DriveBackupV2] No backup method is enabled
[14:35:49] [User Authenticator #9/INFO]: UUID of player NA3UTO_PRO is f789f8a1-a020-375c-aaed-976a864da4cc
[14:35:54] [TAB Belowname Objective Thread/INFO]: [TAB] [WARN] Belowname value is configured to show "%player_health%", but returned "18.0" for player NA3UTO_PRO, which is a decimal number. Truncating to an integer.
[14:35:54] [Server thread/INFO]: NA3UTO_PRO joined the game
[14:35:54] [Server thread/INFO]: NA3UTO_PRO[/[0:0:0:0:0:0:0:1]:50545] logged in with entity id 1167 at ([wild]-706.5, 70.0, 4204.5)
[14:36:24] [Server thread/INFO]: NA3UTO_PRO lost connection: Login timeout exceeded, you have been kicked from the server, please try again!
[14:36:24] [Server thread/INFO]: NA3UTO_PRO left the game
[14:36:27] [Server thread/WARN]: Can't keep up! Is the server overloaded? Running 2520ms or 50 ticks behind
[14:36:30] [User Authenticator #9/INFO]: UUID of player NA3UTO_PRO is f789f8a1-a020-375c-aaed-976a864da4cc
[14:36:30] [Server thread/INFO]: Disconnecting NA3UTO_PRO (/[0:0:0:0:0:0:0:1]:61159): You must wait 24 seconds before logging-in again.
[14:36:30] [Server thread/INFO]: NA3UTO_PRO (/[0:0:0:0:0:0:0:1]:61159) lost connection: You must wait 24 seconds before logging-in again.
[14:36:59] [Server thread/WARN]: Can't keep up! Is the server overloaded? Running 2560ms or 51 ticks behind
[14:37:36] [Server thread/WARN]: Can't keep up! Is the server overloaded? Running 2555ms or 51 ticks behind
[14:38:01] [Server thread/WARN]: Can't keep up! Is the server overloaded? Running 2932ms or 58 ticks behind
[14:49:00] [Server thread/WARN]: Can't keep up! Is the server overloaded? Running 2548ms or 50 ticks behind
[15:01:39] [Server thread/WARN]: Can't keep up! Is the server overloaded? Running 2653ms or 53 ticks behind
